<?xml version="1.0" encoding="UTF-8"?>
<testng-results ignored="0" total="2" passed="2" failed="0" skipped="0">
  <reporter-output>
  </reporter-output>
  <suite started-at="2024-01-23T23:28:28 IST" name="SeleniumTesting" finished-at="2024-01-23T23:28:43 IST" duration-ms="15267">
    <groups>
    </groups>
    <test started-at="2024-01-23T23:28:28 IST" name="DemoTest" finished-at="2024-01-23T23:28:43 IST" duration-ms="15267">
      <class name="pack1.Demo">
        <test-method signature="Test1()[pri:0, instance:pack1.Demo@51c668e3]" started-at="2024-01-23T23:28:28 IST" name="Test1" finished-at="2024-01-23T23:28:31 IST" duration-ms="3316" status="PASS">
          <reporter-output>
          </reporter-output>
        </test-method> <!-- Test1 -->
        <test-method signature="Test2()[pri:0, instance:pack1.Demo@51c668e3]" started-at="2024-01-23T23:28:31 IST" name="Test2" finished-at="2024-01-23T23:28:43 IST" duration-ms="11912" status="PASS">
          <reporter-output>
          </reporter-output>
        </test-method> <!-- Test2 -->
      </class> <!-- pack1.Demo -->
    </test> <!-- DemoTest -->
  </suite> <!-- SeleniumTesting -->
</testng-results>
