<?xml version="1.0" encoding="UTF-8"?>
<testng-results ignored="0" total="2" passed="2" failed="0" skipped="0">
  <reporter-output>
  </reporter-output>
  <suite started-at="2024-01-23T23:27:08 IST" name="Default suite" finished-at="2024-01-23T23:27:25 IST" duration-ms="17080">
    <groups>
    </groups>
    <test started-at="2024-01-23T23:27:08 IST" name="Default test" finished-at="2024-01-23T23:27:25 IST" duration-ms="17080">
      <class name="pack1.Demo">
        <test-method signature="Test1()[pri:0, instance:pack1.Demo@7205765b]" started-at="2024-01-23T23:27:08 IST" name="Test1" finished-at="2024-01-23T23:27:12 IST" duration-ms="4203" status="PASS">
          <reporter-output>
          </reporter-output>
        </test-method> <!-- Test1 -->
        <test-method signature="Test2()[pri:0, instance:pack1.Demo@7205765b]" started-at="2024-01-23T23:27:12 IST" name="Test2" finished-at="2024-01-23T23:27:25 IST" duration-ms="12841" status="PASS">
          <reporter-output>
          </reporter-output>
        </test-method> <!-- Test2 -->
      </class> <!-- pack1.Demo -->
    </test> <!-- Default test -->
  </suite> <!-- Default suite -->
</testng-results>
